# JRE version: Java(TM) SE Runtime Environment (17.0.10+11) (build 17.0.10+11-LTS-240)
# Java VM: Java HotSpot(TM) 64-Bit Server VM (17.0.10+11-LTS-240, mixed mode, sharing, tiered, compressed oops, compressed class ptrs, g1 gc, windows-amd64)
GC Precious Log:
 CPUs: 12 total, 12 available
 Memory: 7365M
 Large Page Support: Disabled
 NUMA Support: Disabled
 Compressed Oops: Enabled (32-bit)
 Heap Region Size: 1M
 Heap Min Capacity: 8M
 Heap Initial Capacity: 116M
 Heap Max Capacity: 1842M
 Pre-touch: Disabled
 Parallel Workers: 10
 Concurrent Workers: 3
 Concurrent Refinement Workers: 10
 Periodic GC: Disabled
Heap:
 garbage-first heap   total 84992K, used 44999K [0x000000008ce00000, 0x0000000100000000)
  region size 1024K, 5 young (5120K), 4 survivors (4096K)
 Metaspace       used 86161K, committed 86848K, reserved 1179648K
  class space    used 11853K, committed 12160K, reserved 1048576K
GC Heap History (20 events):
Event: 5.054 GC heap before
{Heap before GC invocations=12 (full 0):
 garbage-first heap   total 70656K, used 36510K [0x000000008ce00000, 0x0000000100000000)
  region size 1024K, 13 young (13312K), 3 survivors (3072K)
 Metaspace       used 60003K, committed 60480K, reserved 1114112K
  class space    used 8085K, committed 8320K, reserved 1048576K
}
Event: 5.056 GC heap after
{Heap after GC invocations=13 (full 0):
 garbage-first heap   total 70656K, used 27621K [0x000000008ce00000, 0x0000000100000000)
  region size 1024K, 2 young (2048K), 2 survivors (2048K)
 Metaspace       used 60003K, committed 60480K, reserved 1114112K
  class space    used 8085K, committed 8320K, reserved 1048576K
}
Event: 6.318 GC heap before
{Heap before GC invocations=14 (full 0):
 garbage-first heap   total 70656K, used 55269K [0x000000008ce00000, 0x0000000100000000)
  region size 1024K, 29 young (29696K), 2 survivors (2048K)
 Metaspace       used 64898K, committed 65344K, reserved 1114112K
  class space    used 8801K, committed 9024K, reserved 1048576K
}
Event: 6.321 GC heap after
{Heap after GC invocations=15 (full 0):
 garbage-first heap   total 70656K, used 29930K [0x000000008ce00000, 0x0000000100000000)
  region size 1024K, 4 young (4096K), 4 survivors (4096K)
 Metaspace       used 64898K, committed 65344K, reserved 1114112K
  class space    used 8801K, committed 9024K, reserved 1048576K
}
Event: 6.638 GC heap before
{Heap before GC invocations=15 (full 0):
 garbage-first heap   total 70656K, used 54506K [0x000000008ce00000, 0x0000000100000000)
  region size 1024K, 29 young (29696K), 4 survivors (4096K)
 Metaspace       used 67983K, committed 68544K, reserved 1114112K
  class space    used 9284K, committed 9536K, reserved 1048576K
}
Event: 6.642 GC heap after
{Heap after GC invocations=16 (full 0):
 garbage-first heap   total 70656K, used 32103K [0x000000008ce00000, 0x0000000100000000)
  region size 1024K, 3 young (3072K), 3 survivors (3072K)
 Metaspace       used 67983K, committed 68544K, reserved 1114112K
  class space    used 9284K, committed 9536K, reserved 1048576K
}
Event: 6.796 GC heap before
{Heap before GC invocations=16 (full 0):
 garbage-first heap   total 70656K, used 55655K [0x000000008ce00000, 0x0000000100000000)
  region size 1024K, 26 young (26624K), 3 survivors (3072K)
 Metaspace       used 70023K, committed 70528K, reserved 1114112K
  class space    used 9693K, committed 9920K, reserved 1048576K
}
Event: 6.798 GC heap after
{Heap after GC invocations=17 (full 0):
 garbage-first heap   total 84992K, used 34036K [0x000000008ce00000, 0x0000000100000000)
  region size 1024K, 2 young (2048K), 2 survivors (2048K)
 Metaspace       used 70023K, committed 70528K, reserved 1114112K
  class space    used 9693K, committed 9920K, reserved 1048576K
}
Event: 6.952 GC heap before
{Heap before GC invocations=17 (full 0):
 garbage-first heap   total 84992K, used 65780K [0x000000008ce00000, 0x0000000100000000)
  region size 1024K, 33 young (33792K), 2 survivors (2048K)
 Metaspace       used 71411K, committed 71936K, reserved 1114112K
  class space    used 9871K, committed 10112K, reserved 1048576K
}
Event: 6.954 GC heap after
{Heap after GC invocations=18 (full 0):
 garbage-first heap   total 84992K, used 36109K [0x000000008ce00000, 0x0000000100000000)
  region size 1024K, 4 young (4096K), 4 survivors (4096K)
 Metaspace       used 71411K, committed 71936K, reserved 1114112K
  class space    used 9871K, committed 10112K, reserved 1048576K
}
Event: 7.201 GC heap before
{Heap before GC invocations=18 (full 0):
 garbage-first heap   total 84992K, used 66829K [0x000000008ce00000, 0x0000000100000000)
  region size 1024K, 34 young (34816K), 4 survivors (4096K)
 Metaspace       used 72453K, committed 72960K, reserved 1114112K
  class space    used 9954K, committed 10176K, reserved 1048576K
}
Event: 7.204 GC heap after
{Heap after GC invocations=19 (full 0):
 garbage-first heap   total 84992K, used 36545K [0x000000008ce00000, 0x0000000100000000)
  region size 1024K, 3 young (3072K), 3 survivors (3072K)
 Metaspace       used 72453K, committed 72960K, reserved 1114112K
  class space    used 9954K, committed 10176K, reserved 1048576K
}
Event: 7.598 GC heap before
{Heap before GC invocations=19 (full 0):
 garbage-first heap   total 84992K, used 67265K [0x000000008ce00000, 0x0000000100000000)
  region size 1024K, 33 young (33792K), 3 survivors (3072K)
 Metaspace       used 74983K, committed 75520K, reserved 1114112K
  class space    used 10332K, committed 10560K, reserved 1048576K
}
Event: 7.602 GC heap after
{Heap after GC invocations=20 (full 0):
 garbage-first heap   total 84992K, used 38777K [0x000000008ce00000, 0x0000000100000000)
  region size 1024K, 5 young (5120K), 5 survivors (5120K)
 Metaspace       used 74983K, committed 75520K, reserved 1114112K
  class space    used 10332K, committed 10560K, reserved 1048576K
}
Event: 7.950 GC heap before
{Heap before GC invocations=20 (full 0):
 garbage-first heap   total 84992K, used 67449K [0x000000008ce00000, 0x0000000100000000)
  region size 1024K, 33 young (33792K), 5 survivors (5120K)
 Metaspace       used 77308K, committed 77888K, reserved 1179648K
  class space    used 10689K, committed 10944K, reserved 1048576K
}
Event: 7.954 GC heap after
{Heap after GC invocations=21 (full 0):
 garbage-first heap   total 84992K, used 41163K [0x000000008ce00000, 0x0000000100000000)
  region size 1024K, 5 young (5120K), 5 survivors (5120K)
 Metaspace       used 77308K, committed 77888K, reserved 1179648K
  class space    used 10689K, committed 10944K, reserved 1048576K
}
Event: 16.505 GC heap before
{Heap before GC invocations=21 (full 0):
 garbage-first heap   total 84992K, used 67787K [0x000000008ce00000, 0x0000000100000000)
  region size 1024K, 31 young (31744K), 5 survivors (5120K)
 Metaspace       used 81733K, committed 82304K, reserved 1179648K
  class space    used 11295K, committed 11584K, reserved 1048576K
}
Event: 16.513 GC heap after
{Heap after GC invocations=22 (full 0):
 garbage-first heap   total 84992K, used 42952K [0x000000008ce00000, 0x0000000100000000)
  region size 1024K, 3 young (3072K), 3 survivors (3072K)
 Metaspace       used 81733K, committed 82304K, reserved 1179648K
  class space    used 11295K, committed 11584K, reserved 1048576K
}
Event: 58.471 GC heap before
{Heap before GC invocations=22 (full 0):
 garbage-first heap   total 84992K, used 66504K [0x000000008ce00000, 0x0000000100000000)
  region size 1024K, 27 young (27648K), 3 survivors (3072K)
 Metaspace       used 86097K, committed 86784K, reserved 1179648K
  class space    used 11848K, committed 12160K, reserved 1048576K
}
Event: 58.475 GC heap after
{Heap after GC invocations=23 (full 0):
 garbage-first heap   total 84992K, used 44999K [0x000000008ce00000, 0x0000000100000000)
  region size 1024K, 4 young (4096K), 4 survivors (4096K)
 Metaspace       used 86097K, committed 86784K, reserved 1179648K
  class space    used 11848K, committed 12160K, reserved 1048576K
}

