# JRE version: Java(TM) SE Runtime Environment (17.0.10+11) (build 17.0.10+11-LTS-240)
# Java VM: Java HotSpot(TM) 64-Bit Server VM (17.0.10+11-LTS-240, mixed mode, sharing, tiered, compressed oops, compressed class ptrs, g1 gc, windows-amd64)
GC Precious Log:
 CPUs: 12 total, 12 available
 Memory: 7365M
 Large Page Support: Disabled
 NUMA Support: Disabled
 Compressed Oops: Enabled (32-bit)
 Heap Region Size: 1M
 Heap Min Capacity: 8M
 Heap Initial Capacity: 116M
 Heap Max Capacity: 1842M
 Pre-touch: Disabled
 Parallel Workers: 10
 Concurrent Workers: 3
 Concurrent Refinement Workers: 10
 Periodic GC: Disabled
Heap:
 garbage-first heap   total 55296K, used 34999K [0x000000008ce00000, 0x0000000100000000)
  region size 1024K, 18 young (18432K), 3 survivors (3072K)
 Metaspace       used 39656K, committed 40128K, reserved 1114112K
  class space    used 5276K, committed 5504K, reserved 1048576K
GC Heap History (16 events):
Event: 0.753 GC heap before
{Heap before GC invocations=0 (full 0):
 garbage-first heap   total 118784K, used 23552K [0x000000008ce00000, 0x0000000100000000)
  region size 1024K, 23 young (23552K), 0 survivors (0K)
 Metaspace       used 6228K, committed 6464K, reserved 1114112K
  class space    used 736K, committed 832K, reserved 1048576K
}
Event: 0.760 GC heap after
{Heap after GC invocations=1 (full 0):
 garbage-first heap   total 118784K, used 7448K [0x000000008ce00000, 0x0000000100000000)
  region size 1024K, 3 young (3072K), 3 survivors (3072K)
 Metaspace       used 6228K, committed 6464K, reserved 1114112K
  class space    used 736K, committed 832K, reserved 1048576K
}
Event: 1.296 GC heap before
{Heap before GC invocations=1 (full 0):
 garbage-first heap   total 118784K, used 36120K [0x000000008ce00000, 0x0000000100000000)
  region size 1024K, 31 young (31744K), 3 survivors (3072K)
 Metaspace       used 12868K, committed 13120K, reserved 1114112K
  class space    used 1721K, committed 1856K, reserved 1048576K
}
Event: 1.302 GC heap after
{Heap after GC invocations=2 (full 0):
 garbage-first heap   total 118784K, used 9997K [0x000000008ce00000, 0x0000000100000000)
  region size 1024K, 3 young (3072K), 3 survivors (3072K)
 Metaspace       used 12868K, committed 13120K, reserved 1114112K
  class space    used 1721K, committed 1856K, reserved 1048576K
}
Event: 2.078 GC heap before
{Heap before GC invocations=2 (full 0):
 garbage-first heap   total 118784K, used 60173K [0x000000008ce00000, 0x0000000100000000)
  region size 1024K, 54 young (55296K), 3 survivors (3072K)
 Metaspace       used 21263K, committed 21504K, reserved 1114112K
  class space    used 2691K, committed 2752K, reserved 1048576K
}
Event: 2.087 GC heap after
{Heap after GC invocations=3 (full 0):
 garbage-first heap   total 118784K, used 14571K [0x000000008ce00000, 0x0000000100000000)
  region size 1024K, 7 young (7168K), 7 survivors (7168K)
 Metaspace       used 21263K, committed 21504K, reserved 1114112K
  class space    used 2691K, committed 2752K, reserved 1048576K
}
Event: 2.955 GC heap before
{Heap before GC invocations=4 (full 0):
 garbage-first heap   total 55296K, used 40171K [0x000000008ce00000, 0x0000000100000000)
  region size 1024K, 32 young (32768K), 7 survivors (7168K)
 Metaspace       used 24833K, committed 25216K, reserved 1114112K
  class space    used 3204K, committed 3392K, reserved 1048576K
}
Event: 2.968 GC heap after
{Heap after GC invocations=5 (full 0):
 garbage-first heap   total 55296K, used 16144K [0x000000008ce00000, 0x0000000100000000)
  region size 1024K, 2 young (2048K), 2 survivors (2048K)
 Metaspace       used 24833K, committed 25216K, reserved 1114112K
  class space    used 3204K, committed 3392K, reserved 1048576K
}
Event: 2.999 GC heap before
{Heap before GC invocations=5 (full 0):
 garbage-first heap   total 55296K, used 17168K [0x000000008ce00000, 0x0000000100000000)
  region size 1024K, 3 young (3072K), 2 survivors (2048K)
 Metaspace       used 25077K, committed 25408K, reserved 1114112K
  class space    used 3238K, committed 3392K, reserved 1048576K
}
Event: 3.004 GC heap after
{Heap after GC invocations=6 (full 0):
 garbage-first heap   total 55296K, used 16886K [0x000000008ce00000, 0x0000000100000000)
  region size 1024K, 1 young (1024K), 1 survivors (1024K)
 Metaspace       used 25077K, committed 25408K, reserved 1114112K
  class space    used 3238K, committed 3392K, reserved 1048576K
}
Event: 4.274 GC heap before
{Heap before GC invocations=6 (full 0):
 garbage-first heap   total 55296K, used 38390K [0x000000008ce00000, 0x0000000100000000)
  region size 1024K, 22 young (22528K), 1 survivors (1024K)
 Metaspace       used 28589K, committed 28992K, reserved 1114112K
  class space    used 3770K, committed 3968K, reserved 1048576K
}
Event: 4.284 GC heap after
{Heap after GC invocations=7 (full 0):
 garbage-first heap   total 55296K, used 18523K [0x000000008ce00000, 0x0000000100000000)
  region size 1024K, 3 young (3072K), 3 survivors (3072K)
 Metaspace       used 28589K, committed 28992K, reserved 1114112K
  class space    used 3770K, committed 3968K, reserved 1048576K
}
Event: 5.173 GC heap before
{Heap before GC invocations=7 (full 0):
 garbage-first heap   total 55296K, used 39003K [0x000000008ce00000, 0x0000000100000000)
  region size 1024K, 23 young (23552K), 3 survivors (3072K)
 Metaspace       used 32002K, committed 32448K, reserved 1114112K
  class space    used 4174K, committed 4352K, reserved 1048576K
}
Event: 5.176 GC heap after
{Heap after GC invocations=8 (full 0):
 garbage-first heap   total 55296K, used 19989K [0x000000008ce00000, 0x0000000100000000)
  region size 1024K, 2 young (2048K), 2 survivors (2048K)
 Metaspace       used 32002K, committed 32448K, reserved 1114112K
  class space    used 4174K, committed 4352K, reserved 1048576K
}
Event: 5.716 GC heap before
{Heap before GC invocations=8 (full 0):
 garbage-first heap   total 55296K, used 34325K [0x000000008ce00000, 0x0000000100000000)
  region size 1024K, 18 young (18432K), 2 survivors (2048K)
 Metaspace       used 35577K, committed 35968K, reserved 1114112K
  class space    used 4695K, committed 4864K, reserved 1048576K
}
Event: 5.719 GC heap after
{Heap after GC invocations=9 (full 0):
 garbage-first heap   total 55296K, used 20663K [0x000000008ce00000, 0x0000000100000000)
  region size 1024K, 3 young (3072K), 3 survivors (3072K)
 Metaspace       used 35577K, committed 35968K, reserved 1114112K
  class space    used 4695K, committed 4864K, reserved 1048576K
}

